Change Component Designator: OldDesignator=G1 NewDesignator=G2
Change Component Designator: OldDesignator=G2 NewDesignator=G1
Change Component Designator: OldDesignator=R6 NewDesignator=R4
Change Component Designator: OldDesignator=R7 NewDesignator=R5
Change Component Designator: OldDesignator=Re1 NewDesignator=Re2
Change Component Designator: OldDesignator=Re2 NewDesignator=Re1
Change Component Designator: OldDesignator=Y1 NewDesignator=Y2
Change Component Designator: OldDesignator=Y2 NewDesignator=Y1
Added Component: Designator=C1(HDR2)
Added Pin To Net: NetName=VCC Pin=C1-1
Added Pin To Net: NetName=GND Pin=C1-2
Change Net Name : Old Net Name=NetG1_2 New Net Name=NetG2_2
Change Net Name : Old Net Name=NetG2_1 New Net Name=NetG1_1
Change Net Name : Old Net Name=NetG2_2 New Net Name=NetG1_2
Change Net Name : Old Net Name=NetRe1_1 New Net Name=NetRe2_1
Change Net Name : Old Net Name=NetRe2_1 New Net Name=NetRe1_1
Added Member To Class: ClassName=Sheet1 Member=Component C1 Header2
Added Member To Class: ClassName=Sheet1 Member=Component R2 Res
Added Member To Class: ClassName=Sheet1 Member=Component R3 Res
Added Room: Name=Sheet1
