Added Component: Designator=R1(AXIAL-0.3)
Added Component: Designator=R2(AXIAL-0.3)
Added Component: Designator=R3(AXIAL-0.3)
Added Component: Designator=R4(AXIAL-0.3)
Added Component: Designator=R5(AXIAL-0.3)
Added Component: Designator=R6(AXIAL-0.3)
Added Component: Designator=R7(AXIAL-0.3)
Added Net: Name=0
Added Net: Name=1
Added Net: Name=2
Added Net: Name=3\
Added Net: Name=3
Added Net: Name=4
Added Net: Name=5
Added Net: Name=6
Added Net: Name=7
Added Net: Name=D4
Added Net: Name=D5
Added Net: Name=D6
Added Net: Name=D7
Added Net: Name=EN0
Added Net: Name=EN1
Added Net: Name=EN2
Added Net: Name=EN3
Added Net: Name=EN
Added Pin To Net: NetName=GND Pin=R1-2
Added Pin To Net: NetName=GND Pin=R2-2
Added Pin To Net: NetName=GND Pin=R3-2
Added Pin To Net: NetName=GND Pin=R4-2
Added Net: Name=GND
Added Net: Name=GR1
Added Net: Name=GR2
Added Pin To Net: NetName=NetGR1_2 Pin=R1-1
Added Net: Name=NetGR1_2
Added Pin To Net: NetName=NetGR2_2 Pin=R2-1
Added Net: Name=NetGR2_2
Added Pin To Net: NetName=NetGR3_2 Pin=R3-1
Added Net: Name=NetGR3_2
Added Pin To Net: NetName=NetGR4_2 Pin=R4-1
Added Net: Name=NetGR4_2
Added Net: Name=RE1
Added Net: Name=RE2
Added Pin To Net: NetName=RESET Pin=R5-2
Added Net: Name=RESET
Added Net: Name=RS
Added Pin To Net: NetName=RUSH Pin=R7-2
Added Net: Name=RUSH
Added Net: Name=RW
Added Pin To Net: NetName=SLEEP Pin=R6-2
Added Net: Name=SLEEP
Added Pin To Net: NetName=VCC Pin=R5-1
Added Pin To Net: NetName=VCC Pin=R6-1
Added Pin To Net: NetName=VCC Pin=R7-1
Added Net: Name=VCC
Added Net: Name=YE1
Added Net: Name=YE2
Added Class: Name=Sheet1
Added Room: Name=Sheet1
