Removed Pin From Net: NetName=1 Pin=1-1
Removed Pin From Net: NetName=2 Pin=1-2
Removed Pin From Net: NetName=3 Pin=1-3
Removed Pin From Net: NetName=4 Pin=1-4
Removed Pin From Net: NetName=5 Pin=1-5
Removed Pin From Net: NetName=6 Pin=1-6
Removed Pin From Net: NetName=7 Pin=1-7
Removed Pin From Net: NetName=8 Pin=1-8
Removed Pin From Net: NetName=9 Pin=1-9
Removed Pin From Net: NetName=10 Pin=1-10
Removed Pin From Net: NetName=1 Pin=2-1
Removed Pin From Net: NetName=2 Pin=2-2
Removed Pin From Net: NetName=3 Pin=2-3
Removed Pin From Net: NetName=4 Pin=2-4
Removed Pin From Net: NetName=5 Pin=2-5
Removed Pin From Net: NetName=6 Pin=2-6
Removed Pin From Net: NetName=7 Pin=2-7
Removed Pin From Net: NetName=8 Pin=2-8
Removed Pin From Net: NetName=99 Pin=2-9
Removed Pin From Net: NetName=1010 Pin=2-10
Removed Member From Class: ClassName=Sheet2 Member=1
Removed Member From Class: ClassName=Sheet2 Member=2
Change Component Designator: OldDesignator=7_11 NewDesignator=11
Change Component Designator: OldDesignator=7_12 NewDesignator=12
Change Component Designator: OldDesignator=7_21 NewDesignator=21
Change Component Designator: OldDesignator=7_22 NewDesignator=22
Change Component Designator: OldDesignator=Red11 NewDesignator=Re11
Change Component Designator: OldDesignator=Red21 NewDesignator=Re21
Change Component Designator: OldDesignator=Red22 NewDesignator=Re22
Change Component Designator: OldDesignator=Y1 NewDesignator=Ye1
Added Component: Designator=Control1(JP 1x4 DT)
Added Component: Designator=Led_pin1(JP 1x8 DT)
Added Pin To Net: NetName=9 Pin=Control1-1
Added Pin To Net: NetName=10 Pin=Control1-2
Added Pin To Net: NetName=99 Pin=Control1-3
Added Pin To Net: NetName=1010 Pin=Control1-4
Added Pin To Net: NetName=1 Pin=Led_pin1-1
Added Pin To Net: NetName=2 Pin=Led_pin1-2
Added Pin To Net: NetName=3 Pin=Led_pin1-3
Added Pin To Net: NetName=4 Pin=Led_pin1-4
Added Pin To Net: NetName=5 Pin=Led_pin1-5
Added Pin To Net: NetName=6 Pin=Led_pin1-6
Added Pin To Net: NetName=7 Pin=Led_pin1-7
Added Pin To Net: NetName=8 Pin=Led_pin1-8
Change Net Name : Old Net Name=NetY1_1 New Net Name=NetYe1_1
Change Net Name : Old Net Name=NetY1_2 New Net Name=NetYe1_2
Added Member To Class: ClassName=Sheet2 Member=Component Control1 JP 1x4 2.54
Added Member To Class: ClassName=Sheet2 Member=Component Led_pin1 JP 1x8 2.54
Added Room: Name=Sheet2
