Added Component: Designator=1(JP10-C1T)
Added Component: Designator=2(JP10-C1T)
Added Component: Designator=7_11(LED 7x2 0.56)
Added Component: Designator=7_12(LED 7x2 0.56)
Added Component: Designator=7_21(LED 7x2 0.56)
Added Component: Designator=7_22(LED 7x2 0.56)
Added Component: Designator=G1(J2-C1T)
Added Component: Designator=G2(J2-C1T)
Added Component: Designator=Gr11(LED-3MM-GREEN)
Added Component: Designator=Gr12(LED-3MM-GREEN)
Added Component: Designator=Gr21(LED-3MM-GREEN)
Added Component: Designator=Gr22(LED-3MM-GREEN)
Added Component: Designator=Re1(J2-C1T)
Added Component: Designator=Re2(J2-C1T)
Added Component: Designator=Re12(LED-3MM-RED)
Added Component: Designator=Red11(LED-3MM-RED)
Added Component: Designator=Red21(LED-3MM-RED)
Added Component: Designator=Red22(LED-3MM-RED)
Added Component: Designator=Y1(J2-C1T)
Added Component: Designator=Y2(J2-C1T)
Added Component: Designator=Ye11(LED-3MM-YELLOW)
Added Component: Designator=Ye12(LED-3MM-YELLOW)
Added Component: Designator=Ye21(LED-3MM-YELLOW)
Added Component: Designator=Ye22(LED-3MM-YELLOW)
Added Pin To Net: NetName=1 Pin=1-1
Added Pin To Net: NetName=1 Pin=7_11-10
Added Pin To Net: NetName=1 Pin=7_12-10
Added Net: Name=1
Added Pin To Net: NetName=2 Pin=1-2
Added Pin To Net: NetName=2 Pin=7_11-9
Added Pin To Net: NetName=2 Pin=7_12-9
Added Net: Name=2
Added Pin To Net: NetName=3 Pin=1-3
Added Pin To Net: NetName=3 Pin=7_11-1
Added Pin To Net: NetName=3 Pin=7_12-1
Added Net: Name=3
Added Pin To Net: NetName=4 Pin=1-4
Added Pin To Net: NetName=4 Pin=7_11-4
Added Pin To Net: NetName=4 Pin=7_12-4
Added Net: Name=4
Added Pin To Net: NetName=5 Pin=1-5
Added Pin To Net: NetName=5 Pin=7_11-3
Added Pin To Net: NetName=5 Pin=7_12-3
Added Net: Name=5
Added Pin To Net: NetName=6 Pin=1-6
Added Pin To Net: NetName=6 Pin=7_11-6
Added Pin To Net: NetName=6 Pin=7_12-6
Added Net: Name=6
Added Pin To Net: NetName=7 Pin=1-7
Added Pin To Net: NetName=7 Pin=7_11-5
Added Pin To Net: NetName=7 Pin=7_12-5
Added Net: Name=7
Added Pin To Net: NetName=8 Pin=1-8
Added Pin To Net: NetName=8 Pin=7_11-2
Added Pin To Net: NetName=8 Pin=7_12-2
Added Net: Name=8
Added Pin To Net: NetName=9 Pin=1-9
Added Pin To Net: NetName=9 Pin=7_11-8
Added Pin To Net: NetName=9 Pin=7_12-8
Added Net: Name=9
Added Pin To Net: NetName=10 Pin=1-10
Added Pin To Net: NetName=10 Pin=7_11-7
Added Pin To Net: NetName=10 Pin=7_12-7
Added Net: Name=10
Added Pin To Net: NetName=11 Pin=2-1
Added Pin To Net: NetName=11 Pin=7_21-10
Added Pin To Net: NetName=11 Pin=7_22-10
Added Net: Name=11
Added Pin To Net: NetName=22 Pin=2-2
Added Pin To Net: NetName=22 Pin=7_21-9
Added Pin To Net: NetName=22 Pin=7_22-9
Added Net: Name=22
Added Pin To Net: NetName=33 Pin=2-3
Added Pin To Net: NetName=33 Pin=7_21-1
Added Pin To Net: NetName=33 Pin=7_22-1
Added Net: Name=33
Added Pin To Net: NetName=44 Pin=2-4
Added Pin To Net: NetName=44 Pin=7_21-4
Added Pin To Net: NetName=44 Pin=7_22-4
Added Net: Name=44
Added Pin To Net: NetName=55 Pin=2-5
Added Pin To Net: NetName=55 Pin=7_21-3
Added Pin To Net: NetName=55 Pin=7_22-3
Added Net: Name=55
Added Pin To Net: NetName=66 Pin=2-6
Added Pin To Net: NetName=66 Pin=7_21-6
Added Pin To Net: NetName=66 Pin=7_22-6
Added Net: Name=66
Added Pin To Net: NetName=77 Pin=2-7
Added Pin To Net: NetName=77 Pin=7_21-5
Added Pin To Net: NetName=77 Pin=7_22-5
Added Net: Name=77
Added Pin To Net: NetName=88 Pin=2-8
Added Pin To Net: NetName=88 Pin=7_21-2
Added Pin To Net: NetName=88 Pin=7_22-2
Added Net: Name=88
Added Pin To Net: NetName=99 Pin=2-9
Added Pin To Net: NetName=99 Pin=7_21-8
Added Pin To Net: NetName=99 Pin=7_22-8
Added Net: Name=99
Added Pin To Net: NetName=1010 Pin=2-10
Added Pin To Net: NetName=1010 Pin=7_21-7
Added Pin To Net: NetName=1010 Pin=7_22-7
Added Net: Name=1010
Added Pin To Net: NetName=NetG1_1 Pin=G1-1
Added Pin To Net: NetName=NetG1_1 Pin=Gr11-1
Added Pin To Net: NetName=NetG1_1 Pin=Gr12-1
Added Net: Name=NetG1_1
Added Pin To Net: NetName=NetG1_2 Pin=G1-2
Added Pin To Net: NetName=NetG1_2 Pin=Gr11-2
Added Pin To Net: NetName=NetG1_2 Pin=Gr12-2
Added Net: Name=NetG1_2
Added Pin To Net: NetName=NetG2_1 Pin=G2-1
Added Pin To Net: NetName=NetG2_1 Pin=Gr21-1
Added Pin To Net: NetName=NetG2_1 Pin=Gr22-1
Added Net: Name=NetG2_1
Added Pin To Net: NetName=NetG2_2 Pin=G2-2
Added Pin To Net: NetName=NetG2_2 Pin=Gr21-2
Added Pin To Net: NetName=NetG2_2 Pin=Gr22-2
Added Net: Name=NetG2_2
Added Pin To Net: NetName=NetRe1_1 Pin=Re1-1
Added Pin To Net: NetName=NetRe1_1 Pin=Re12-1
Added Pin To Net: NetName=NetRe1_1 Pin=Red11-1
Added Net: Name=NetRe1_1
Added Pin To Net: NetName=NetRe1_2 Pin=Re1-2
Added Pin To Net: NetName=NetRe1_2 Pin=Re12-2
Added Pin To Net: NetName=NetRe1_2 Pin=Red11-2
Added Net: Name=NetRe1_2
Added Pin To Net: NetName=NetRe2_1 Pin=Re2-1
Added Pin To Net: NetName=NetRe2_1 Pin=Red21-1
Added Pin To Net: NetName=NetRe2_1 Pin=Red22-1
Added Net: Name=NetRe2_1
Added Pin To Net: NetName=NetRe2_2 Pin=Re2-2
Added Pin To Net: NetName=NetRe2_2 Pin=Red21-2
Added Pin To Net: NetName=NetRe2_2 Pin=Red22-2
Added Net: Name=NetRe2_2
Added Pin To Net: NetName=NetY1_1 Pin=Y1-1
Added Pin To Net: NetName=NetY1_1 Pin=Ye11-1
Added Pin To Net: NetName=NetY1_1 Pin=Ye12-1
Added Net: Name=NetY1_1
Added Pin To Net: NetName=NetY1_2 Pin=Y1-2
Added Pin To Net: NetName=NetY1_2 Pin=Ye11-2
Added Pin To Net: NetName=NetY1_2 Pin=Ye12-2
Added Net: Name=NetY1_2
Added Pin To Net: NetName=NetY2_1 Pin=Y2-1
Added Pin To Net: NetName=NetY2_1 Pin=Ye21-1
Added Pin To Net: NetName=NetY2_1 Pin=Ye22-1
Added Net: Name=NetY2_1
Added Pin To Net: NetName=NetY2_2 Pin=Y2-2
Added Pin To Net: NetName=NetY2_2 Pin=Ye21-2
Added Pin To Net: NetName=NetY2_2 Pin=Ye22-2
Added Net: Name=NetY2_2
Added Class: Name=Sheet2
Added Room: Name=Sheet2
