Added Component: Designator=JP?(JP 1x10 DT)
Added Component: Designator=L?(LED 7x2 0.56)
Added Pin To Net: NetName=NetJP?_1 Pin=JP?-1
Added Pin To Net: NetName=NetJP?_1 Pin=L?-1
Added Net: Name=NetJP?_1
Added Pin To Net: NetName=NetJP?_2 Pin=JP?-2
Added Pin To Net: NetName=NetJP?_2 Pin=L?-2
Added Net: Name=NetJP?_2
Added Pin To Net: NetName=NetJP?_3 Pin=JP?-3
Added Pin To Net: NetName=NetJP?_3 Pin=L?-3
Added Net: Name=NetJP?_3
Added Pin To Net: NetName=NetJP?_4 Pin=JP?-4
Added Pin To Net: NetName=NetJP?_4 Pin=L?-4
Added Net: Name=NetJP?_4
Added Pin To Net: NetName=NetJP?_5 Pin=JP?-5
Added Pin To Net: NetName=NetJP?_5 Pin=L?-5
Added Net: Name=NetJP?_5
Added Pin To Net: NetName=NetJP?_6 Pin=JP?-6
Added Pin To Net: NetName=NetJP?_6 Pin=L?-6
Added Net: Name=NetJP?_6
Added Pin To Net: NetName=NetJP?_7 Pin=JP?-7
Added Pin To Net: NetName=NetJP?_7 Pin=L?-7
Added Net: Name=NetJP?_7
Added Pin To Net: NetName=NetJP?_8 Pin=JP?-8
Added Pin To Net: NetName=NetJP?_8 Pin=L?-8
Added Net: Name=NetJP?_8
Added Pin To Net: NetName=NetJP?_9 Pin=JP?-9
Added Pin To Net: NetName=NetJP?_9 Pin=L?-9
Added Net: Name=NetJP?_9
Added Pin To Net: NetName=NetJP?_10 Pin=JP?-10
Added Pin To Net: NetName=NetJP?_10 Pin=L?-10
Added Net: Name=NetJP?_10
Added Class: Name=led7Seg_2
Added Room: Name=led7Seg_2
