Change Component Designator: Old Designator=7_11 New Designator=4
Change Component Designator: Old Designator=7_12 New Designator=1
Change Component Designator: Old Designator=7_21 New Designator=2
Change Component Designator: Old Designator=7_22 New Designator=3
Change Component Designator: Old Designator=Control New Designator=Control1
Change Component Designator: Old Designator=G1 New Designator=G2
Change Component Designator: Old Designator=G2 New Designator=G1
Change Component Designator: Old Designator=Gr11 New Designator=Gr4
Change Component Designator: Old Designator=Gr12 New Designator=Gr1
Change Component Designator: Old Designator=Gr21 New Designator=Gr2
Change Component Designator: Old Designator=Gr22 New Designator=Gr3
Change Component Designator: Old Designator=Led_pin New Designator=Led_pin1
Change Component Designator: Old Designator=Re1 New Designator=Re3
Change Component Designator: Old Designator=Re12 New Designator=Re1
Change Component Designator: Old Designator=Red11 New Designator=Red3
Change Component Designator: Old Designator=Red21 New Designator=Red1
Change Component Designator: Old Designator=Red22 New Designator=Red2
Change Component Designator: Old Designator=Y1 New Designator=Y2
Change Component Designator: Old Designator=Y2 New Designator=Y1
Change Component Designator: Old Designator=Ye11 New Designator=Ye4
Change Component Designator: Old Designator=Ye12 New Designator=Ye1
Change Component Designator: Old Designator=Ye21 New Designator=Ye2
Change Component Designator: Old Designator=Ye22 New Designator=Ye3
